{"/Users/geoffgallinger/Projects/specinit/frontend/src/components/AestheticsSelector.tsx": {"path":"/Users/geoffgallinger/Projects/specinit/frontend/src/components/AestheticsSelector.tsx","all":false,"statementMap":{"0":{"start":{"line":1,"column":0},"end":{"line":1,"column":37}},"1":{"start":{"line":2,"column":0},"end":{"line":2,"column":0}},"2":{"start":{"line":3,"column":0},"end":{"line":3,"column":35}},"3":{"start":{"line":4,"column":0},"end":{"line":4,"column":20}},"4":{"start":{"line":5,"column":0},"end":{"line":5,"column":42}},"5":{"start":{"line":6,"column":0},"end":{"line":6,"column":16}},"6":{"start":{"line":7,"column":0},"end":{"line":7,"column":1}},"7":{"start":{"line":8,"column":0},"end":{"line":8,"column":0}},"8":{"start":{"line":9,"column":0},"end":{"line":9,"column":92}},"9":{"start":{"line":10,"column":0},"end":{"line":10,"column":52}},"10":{"start":{"line":11,"column":0},"end":{"line":11,"column":41}},"11":{"start":{"line":12,"column":0},"end":{"line":12,"column":57}},"12":{"start":{"line":13,"column":0},"end":{"line":13,"column":37}},"13":{"start":{"line":14,"column":0},"end":{"line":14,"column":42}},"14":{"start":{"line":15,"column":0},"end":{"line":15,"column":5}},"15":{"start":{"line":16,"column":0},"end":{"line":16,"column":3}},"16":{"start":{"line":17,"column":0},"end":{"line":17,"column":0}},"17":{"start":{"line":18,"column":0},"end":{"line":18,"column":10}},"18":{"start":{"line":19,"column":0},"end":{"line":19,"column":9}},"19":{"start":{"line":20,"column":0},"end":{"line":20,"column":61}},"20":{"start":{"line":21,"column":0},"end":{"line":21,"column":40}},"21":{"start":{"line":22,"column":0},"end":{"line":22,"column":17}},"22":{"start":{"line":23,"column":0},"end":{"line":23,"column":30}},"23":{"start":{"line":24,"column":0},"end":{"line":24,"column":25}},"24":{"start":{"line":25,"column":0},"end":{"line":25,"column":57}},"25":{"start":{"line":26,"column":0},"end":{"line":26,"column":79}},"26":{"start":{"line":27,"column":0},"end":{"line":27,"column":80}},"27":{"start":{"line":28,"column":0},"end":{"line":28,"column":45}},"28":{"start":{"line":29,"column":0},"end":{"line":29,"column":46}},"29":{"start":{"line":30,"column":0},"end":{"line":30,"column":57}},"30":{"start":{"line":31,"column":0},"end":{"line":31,"column":63}},"31":{"start":{"line":32,"column":0},"end":{"line":32,"column":11}},"32":{"start":{"line":33,"column":0},"end":{"line":33,"column":66}},"33":{"start":{"line":34,"column":0},"end":{"line":34,"column":19}},"34":{"start":{"line":35,"column":0},"end":{"line":35,"column":11}},"35":{"start":{"line":36,"column":0},"end":{"line":36,"column":12}},"36":{"start":{"line":37,"column":0},"end":{"line":37,"column":69}},"37":{"start":{"line":38,"column":0},"end":{"line":38,"column":80}},"38":{"start":{"line":39,"column":0},"end":{"line":39,"column":10}},"39":{"start":{"line":40,"column":0},"end":{"line":40,"column":3}},"40":{"start":{"line":41,"column":0},"end":{"line":41,"column":1}}},"s":{"0":1,"1":1,"2":1,"3":1,"4":1,"5":1,"6":1,"7":1,"8":1,"9":17,"10":7,"11":2,"12":7,"13":5,"14":5,"15":7,"16":17,"17":17,"18":17,"19":17,"20":17,"21":102,"22":102,"23":102,"24":102,"25":102,"26":102,"27":102,"28":23,"29":79,"30":102,"31":102,"32":102,"33":102,"34":17,"35":17,"36":17,"37":17,"38":17,"39":17,"40":17},"branchMap":{"0":{"type":"branch","line":9,"loc":{"start":{"line":9,"column":7},"end":{"line":41,"column":1}},"locations":[{"start":{"line":9,"column":7},"end":{"line":41,"column":1}}]},"1":{"type":"branch","line":37,"loc":{"start":{"line":37,"column":7},"end":{"line":37,"column":69}},"locations":[{"start":{"line":37,"column":7},"end":{"line":37,"column":69}}]},"2":{"type":"branch","line":10,"loc":{"start":{"line":10,"column":26},"end":{"line":16,"column":3}},"locations":[{"start":{"line":10,"column":26},"end":{"line":16,"column":3}}]},"3":{"type":"branch","line":11,"loc":{"start":{"line":11,"column":40},"end":{"line":13,"column":15}},"locations":[{"start":{"line":11,"column":40},"end":{"line":13,"column":15}}]},"4":{"type":"branch","line":13,"loc":{"start":{"line":13,"column":4},"end":{"line":15,"column":5}},"locations":[{"start":{"line":13,"column":4},"end":{"line":15,"column":5}}]},"5":{"type":"branch","line":12,"loc":{"start":{"line":12,"column":31},"end":{"line":12,"column":55}},"locations":[{"start":{"line":12,"column":31},"end":{"line":12,"column":55}}]},"6":{"type":"branch","line":21,"loc":{"start":{"line":21,"column":24},"end":{"line":34,"column":19}},"locations":[{"start":{"line":21,"column":24},"end":{"line":34,"column":19}}]},"7":{"type":"branch","line":26,"loc":{"start":{"line":26,"column":53},"end":{"line":26,"column":79}},"locations":[{"start":{"line":26,"column":53},"end":{"line":26,"column":79}}]},"8":{"type":"branch","line":28,"loc":{"start":{"line":28,"column":44},"end":{"line":29,"column":46}},"locations":[{"start":{"line":28,"column":44},"end":{"line":29,"column":46}}]},"9":{"type":"branch","line":29,"loc":{"start":{"line":29,"column":18},"end":{"line":30,"column":57}},"locations":[{"start":{"line":29,"column":18},"end":{"line":30,"column":57}}]},"10":{"type":"branch","line":25,"loc":{"start":{"line":25,"column":21},"end":{"line":25,"column":57}},"locations":[{"start":{"line":25,"column":21},"end":{"line":25,"column":57}}]}},"b":{"0":[17],"1":[1],"2":[7],"3":[2],"4":[5],"5":[5],"6":[102],"7":[79],"8":[23],"9":[79],"10":[7]},"fnMap":{"0":{"name":"AestheticsSelector","decl":{"start":{"line":9,"column":7},"end":{"line":41,"column":1}},"loc":{"start":{"line":9,"column":7},"end":{"line":41,"column":1}},"line":9},"1":{"name":"toggleAesthetic","decl":{"start":{"line":10,"column":26},"end":{"line":16,"column":3}},"loc":{"start":{"line":10,"column":26},"end":{"line":16,"column":3}},"line":10},"2":{"name":"onClick","decl":{"start":{"line":25,"column":21},"end":{"line":25,"column":57}},"loc":{"start":{"line":25,"column":21},"end":{"line":25,"column":57}},"line":25}},"f":{"0":17,"1":7,"2":7}}
,"/Users/geoffgallinger/Projects/specinit/frontend/src/components/CompletionScreen.tsx": {"path":"/Users/geoffgallinger/Projects/specinit/frontend/src/components/CompletionScreen.tsx","all":false,"statementMap":{"0":{"start":{"line":1,"column":0},"end":{"line":1,"column":69}},"1":{"start":{"line":2,"column":0},"end":{"line":2,"column":48}},"2":{"start":{"line":3,"column":0},"end":{"line":3,"column":0}},"3":{"start":{"line":4,"column":0},"end":{"line":4,"column":33}},"4":{"start":{"line":5,"column":0},"end":{"line":5,"column":26}},"5":{"start":{"line":6,"column":0},"end":{"line":6,"column":26}},"6":{"start":{"line":7,"column":0},"end":{"line":7,"column":1}},"7":{"start":{"line":8,"column":0},"end":{"line":8,"column":0}},"8":{"start":{"line":9,"column":0},"end":{"line":9,"column":83}},"9":{"start":{"line":10,"column":0},"end":{"line":10,"column":43}},"10":{"start":{"line":11,"column":0},"end":{"line":11,"column":23}},"11":{"start":{"line":12,"column":0},"end":{"line":12,"column":38}},"12":{"start":{"line":13,"column":0},"end":{"line":13,"column":5}},"13":{"start":{"line":14,"column":0},"end":{"line":14,"column":44}},"14":{"start":{"line":15,"column":0},"end":{"line":15,"column":53}},"15":{"start":{"line":16,"column":0},"end":{"line":16,"column":45}},"16":{"start":{"line":17,"column":0},"end":{"line":17,"column":3}},"17":{"start":{"line":18,"column":0},"end":{"line":18,"column":0}},"18":{"start":{"line":19,"column":0},"end":{"line":19,"column":10}},"19":{"start":{"line":20,"column":0},"end":{"line":20,"column":64}},"20":{"start":{"line":21,"column":0},"end":{"line":21,"column":71}},"21":{"start":{"line":22,"column":0},"end":{"line":22,"column":0}},"22":{"start":{"line":23,"column":0},"end":{"line":23,"column":82}},"23":{"start":{"line":24,"column":0},"end":{"line":24,"column":89}},"24":{"start":{"line":25,"column":0},"end":{"line":25,"column":0}},"25":{"start":{"line":26,"column":0},"end":{"line":26,"column":51}},"26":{"start":{"line":27,"column":0},"end":{"line":27,"column":51}},"27":{"start":{"line":28,"column":0},"end":{"line":28,"column":67}},"28":{"start":{"line":29,"column":0},"end":{"line":29,"column":63}},"29":{"start":{"line":30,"column":0},"end":{"line":30,"column":74}},"30":{"start":{"line":31,"column":0},"end":{"line":31,"column":25}},"31":{"start":{"line":32,"column":0},"end":{"line":32,"column":16}},"32":{"start":{"line":33,"column":0},"end":{"line":33,"column":14}},"33":{"start":{"line":34,"column":0},"end":{"line":34,"column":0}},"34":{"start":{"line":35,"column":0},"end":{"line":35,"column":51}},"35":{"start":{"line":36,"column":0},"end":{"line":36,"column":71}},"36":{"start":{"line":37,"column":0},"end":{"line":37,"column":65}},"37":{"start":{"line":38,"column":0},"end":{"line":38,"column":85}},"38":{"start":{"line":39,"column":0},"end":{"line":39,"column":14}},"39":{"start":{"line":40,"column":0},"end":{"line":40,"column":0}},"40":{"start":{"line":41,"column":0},"end":{"line":41,"column":51}},"41":{"start":{"line":42,"column":0},"end":{"line":42,"column":66}},"42":{"start":{"line":43,"column":0},"end":{"line":43,"column":70}},"43":{"start":{"line":44,"column":0},"end":{"line":44,"column":90}},"44":{"start":{"line":45,"column":0},"end":{"line":45,"column":14}},"45":{"start":{"line":46,"column":0},"end":{"line":46,"column":12}},"46":{"start":{"line":47,"column":0},"end":{"line":47,"column":0}},"47":{"start":{"line":48,"column":0},"end":{"line":48,"column":65}},"48":{"start":{"line":49,"column":0},"end":{"line":49,"column":65}},"49":{"start":{"line":50,"column":0},"end":{"line":50,"column":49}},"50":{"start":{"line":51,"column":0},"end":{"line":51,"column":43}},"51":{"start":{"line":52,"column":0},"end":{"line":52,"column":16}},"52":{"start":{"line":53,"column":0},"end":{"line":53,"column":44}},"53":{"start":{"line":54,"column":0},"end":{"line":54,"column":16}},"54":{"start":{"line":55,"column":0},"end":{"line":55,"column":46}},"55":{"start":{"line":56,"column":0},"end":{"line":56,"column":15}},"56":{"start":{"line":57,"column":0},"end":{"line":57,"column":12}},"57":{"start":{"line":58,"column":0},"end":{"line":58,"column":0}},"58":{"start":{"line":59,"column":0},"end":{"line":59,"column":13}},"59":{"start":{"line":60,"column":0},"end":{"line":60,"column":30}},"60":{"start":{"line":61,"column":0},"end":{"line":61,"column":81}},"61":{"start":{"line":62,"column":0},"end":{"line":62,"column":7}},"62":{"start":{"line":63,"column":0},"end":{"line":63,"column":30}},"63":{"start":{"line":64,"column":0},"end":{"line":64,"column":15}},"64":{"start":{"line":65,"column":0},"end":{"line":65,"column":10}},"65":{"start":{"line":66,"column":0},"end":{"line":66,"column":3}},"66":{"start":{"line":67,"column":0},"end":{"line":67,"column":1}}},"s":{"0":1,"1":1,"2":1,"3":1,"4":1,"5":1,"6":1,"7":1,"8":1,"9":17,"10":17,"11":14,"12":14,"13":3,"14":3,"15":3,"16":17,"17":17,"18":17,"19":17,"20":17,"21":17,"22":17,"23":17,"24":17,"25":17,"26":17,"27":17,"28":17,"29":17,"30":17,"31":17,"32":17,"33":17,"34":17,"35":17,"36":17,"37":17,"38":17,"39":17,"40":17,"41":17,"42":17,"43":17,"44":17,"45":17,"46":17,"47":17,"48":17,"49":17,"50":17,"51":17,"52":17,"53":17,"54":17,"55":17,"56":17,"57":17,"58":17,"59":17,"60":17,"61":17,"62":17,"63":17,"64":17,"65":17,"66":17},"branchMap":{"0":{"type":"branch","line":9,"loc":{"start":{"line":9,"column":7},"end":{"line":67,"column":1}},"locations":[{"start":{"line":9,"column":7},"end":{"line":67,"column":1}}]},"1":{"type":"branch","line":10,"loc":{"start":{"line":10,"column":21},"end":{"line":17,"column":3}},"locations":[{"start":{"line":10,"column":21},"end":{"line":17,"column":3}}]},"2":{"type":"branch","line":11,"loc":{"start":{"line":11,"column":22},"end":{"line":13,"column":5}},"locations":[{"start":{"line":11,"column":22},"end":{"line":13,"column":5}}]},"3":{"type":"branch","line":13,"loc":{"start":{"line":13,"column":4},"end":{"line":16,"column":45}},"locations":[{"start":{"line":13,"column":4},"end":{"line":16,"column":45}}]}},"b":{"0":[17],"1":[17],"2":[14],"3":[3]},"fnMap":{"0":{"name":"CompletionScreen","decl":{"start":{"line":9,"column":7},"end":{"line":67,"column":1}},"loc":{"start":{"line":9,"column":7},"end":{"line":67,"column":1}},"line":9},"1":{"name":"formatTime","decl":{"start":{"line":10,"column":21},"end":{"line":17,"column":3}},"loc":{"start":{"line":10,"column":21},"end":{"line":17,"column":3}},"line":10}},"f":{"0":17,"1":17}}
,"/Users/geoffgallinger/Projects/specinit/frontend/src/components/FeatureList.tsx": {"path":"/Users/geoffgallinger/Projects/specinit/frontend/src/components/FeatureList.tsx","all":false,"statementMap":{"0":{"start":{"line":1,"column":0},"end":{"line":1,"column":38}},"1":{"start":{"line":2,"column":0},"end":{"line":2,"column":0}},"2":{"start":{"line":3,"column":0},"end":{"line":3,"column":28}},"3":{"start":{"line":4,"column":0},"end":{"line":4,"column":20}},"4":{"start":{"line":5,"column":0},"end":{"line":5,"column":40}},"5":{"start":{"line":6,"column":0},"end":{"line":6,"column":16}},"6":{"start":{"line":7,"column":0},"end":{"line":7,"column":1}},"7":{"start":{"line":8,"column":0},"end":{"line":8,"column":0}},"8":{"start":{"line":9,"column":0},"end":{"line":9,"column":23}},"9":{"start":{"line":10,"column":0},"end":{"line":10,"column":45}},"10":{"start":{"line":11,"column":0},"end":{"line":11,"column":0}},"11":{"start":{"line":12,"column":0},"end":{"line":12,"column":78}},"12":{"start":{"line":13,"column":0},"end":{"line":13,"column":28}},"13":{"start":{"line":14,"column":0},"end":{"line":14,"column":41}},"14":{"start":{"line":15,"column":0},"end":{"line":15,"column":33}},"15":{"start":{"line":16,"column":0},"end":{"line":16,"column":5}},"16":{"start":{"line":17,"column":0},"end":{"line":17,"column":3}},"17":{"start":{"line":18,"column":0},"end":{"line":18,"column":0}},"18":{"start":{"line":19,"column":0},"end":{"line":19,"column":44}},"19":{"start":{"line":20,"column":0},"end":{"line":20,"column":64}},"20":{"start":{"line":21,"column":0},"end":{"line":21,"column":30}},"21":{"start":{"line":22,"column":0},"end":{"line":22,"column":54}},"22":{"start":{"line":23,"column":0},"end":{"line":23,"column":5}},"23":{"start":{"line":24,"column":0},"end":{"line":24,"column":3}},"24":{"start":{"line":25,"column":0},"end":{"line":25,"column":0}},"25":{"start":{"line":26,"column":0},"end":{"line":26,"column":59}},"26":{"start":{"line":27,"column":0},"end":{"line":27,"column":37}},"27":{"start":{"line":28,"column":0},"end":{"line":28,"column":30}},"28":{"start":{"line":29,"column":0},"end":{"line":29,"column":25}},"29":{"start":{"line":30,"column":0},"end":{"line":30,"column":3}},"30":{"start":{"line":31,"column":0},"end":{"line":31,"column":0}},"31":{"start":{"line":32,"column":0},"end":{"line":32,"column":10}},"32":{"start":{"line":33,"column":0},"end":{"line":33,"column":31}},"33":{"start":{"line":34,"column":0},"end":{"line":34,"column":28}},"34":{"start":{"line":35,"column":0},"end":{"line":35,"column":41}},"35":{"start":{"line":36,"column":0},"end":{"line":36,"column":96}},"36":{"start":{"line":37,"column":0},"end":{"line":37,"column":16}},"37":{"start":{"line":38,"column":0},"end":{"line":38,"column":48}},"38":{"start":{"line":39,"column":0},"end":{"line":39,"column":52}},"39":{"start":{"line":40,"column":0},"end":{"line":40,"column":38}},"40":{"start":{"line":41,"column":0},"end":{"line":41,"column":80}},"41":{"start":{"line":42,"column":0},"end":{"line":42,"column":37}},"42":{"start":{"line":43,"column":0},"end":{"line":43,"column":24}},"43":{"start":{"line":44,"column":0},"end":{"line":44,"column":25}},"44":{"start":{"line":45,"column":0},"end":{"line":45,"column":33}},"45":{"start":{"line":46,"column":0},"end":{"line":46,"column":72}},"46":{"start":{"line":47,"column":0},"end":{"line":47,"column":48}},"47":{"start":{"line":48,"column":0},"end":{"line":48,"column":160}},"48":{"start":{"line":49,"column":0},"end":{"line":49,"column":120}},"49":{"start":{"line":50,"column":0},"end":{"line":50,"column":18}},"50":{"start":{"line":51,"column":0},"end":{"line":51,"column":94}},"51":{"start":{"line":52,"column":0},"end":{"line":52,"column":81}},"52":{"start":{"line":53,"column":0},"end":{"line":53,"column":75}},"53":{"start":{"line":54,"column":0},"end":{"line":54,"column":22}},"54":{"start":{"line":55,"column":0},"end":{"line":55,"column":20}},"55":{"start":{"line":56,"column":0},"end":{"line":56,"column":19}},"56":{"start":{"line":57,"column":0},"end":{"line":57,"column":27}},"57":{"start":{"line":58,"column":0},"end":{"line":58,"column":50}},"58":{"start":{"line":59,"column":0},"end":{"line":59,"column":46}},"59":{"start":{"line":60,"column":0},"end":{"line":60,"column":115}},"60":{"start":{"line":61,"column":0},"end":{"line":61,"column":97}},"61":{"start":{"line":62,"column":0},"end":{"line":62,"column":115}},"62":{"start":{"line":63,"column":0},"end":{"line":63,"column":13}},"63":{"start":{"line":64,"column":0},"end":{"line":64,"column":58}},"64":{"start":{"line":65,"column":0},"end":{"line":65,"column":21}},"65":{"start":{"line":66,"column":0},"end":{"line":66,"column":16}},"66":{"start":{"line":67,"column":0},"end":{"line":67,"column":14}},"67":{"start":{"line":68,"column":0},"end":{"line":68,"column":9}},"68":{"start":{"line":69,"column":0},"end":{"line":69,"column":9}},"69":{"start":{"line":70,"column":0},"end":{"line":70,"column":0}},"70":{"start":{"line":71,"column":0},"end":{"line":71,"column":32}},"71":{"start":{"line":72,"column":0},"end":{"line":72,"column":13}},"72":{"start":{"line":73,"column":0},"end":{"line":73,"column":21}},"73":{"start":{"line":74,"column":0},"end":{"line":74,"column":28}},"74":{"start":{"line":75,"column":0},"end":{"line":75,"column":50}},"75":{"start":{"line":76,"column":0},"end":{"line":76,"column":166}},"76":{"start":{"line":77,"column":0},"end":{"line":77,"column":88}},"77":{"start":{"line":78,"column":0},"end":{"line":78,"column":7}},"78":{"start":{"line":79,"column":0},"end":{"line":79,"column":55}},"79":{"start":{"line":80,"column":0},"end":{"line":80,"column":54}},"80":{"start":{"line":81,"column":0},"end":{"line":81,"column":15}},"81":{"start":{"line":82,"column":0},"end":{"line":82,"column":0}},"82":{"start":{"line":83,"column":0},"end":{"line":83,"column":69}},"83":{"start":{"line":84,"column":0},"end":{"line":84,"column":10}},"84":{"start":{"line":85,"column":0},"end":{"line":85,"column":3}},"85":{"start":{"line":86,"column":0},"end":{"line":86,"column":1}}},"s":{"0":1,"1":1,"2":1,"3":1,"4":1,"5":1,"6":1,"7":1,"8":1,"9":1,"10":1,"11":1,"12":19,"13":1,"14":1,"15":1,"16":1,"17":19,"18":19,"19":2,"20":2,"21":2,"22":2,"23":2,"24":19,"25":19,"26":12,"27":12,"28":12,"29":12,"30":19,"31":19,"32":19,"33":19,"34":19,"35":63,"36":63,"37":63,"38":63,"39":63,"40":63,"41":63,"42":63,"43":63,"44":63,"45":63,"46":63,"47":63,"48":63,"49":63,"50":63,"51":63,"52":63,"53":63,"54":63,"55":63,"56":63,"57":63,"58":63,"59":63,"60":63,"61":63,"62":63,"63":63,"64":63,"65":63,"66":63,"67":63,"68":19,"69":19,"70":19,"71":19,"72":19,"73":19,"74":19,"75":19,"76":19,"77":19,"78":19,"79":19,"80":19,"81":19,"82":19,"83":19,"84":19,"85":19},"branchMap":{"0":{"type":"branch","line":12,"loc":{"start":{"line":12,"column":7},"end":{"line":86,"column":1}},"locations":[{"start":{"line":12,"column":7},"end":{"line":86,"column":1}}]},"1":{"type":"branch","line":83,"loc":{"start":{"line":83,"column":7},"end":{"line":83,"column":69}},"locations":[{"start":{"line":83,"column":7},"end":{"line":83,"column":69}}]},"2":{"type":"branch","line":13,"loc":{"start":{"line":13,"column":21},"end":{"line":17,"column":3}},"locations":[{"start":{"line":13,"column":21},"end":{"line":17,"column":3}}]},"3":{"type":"branch","line":19,"loc":{"start":{"line":19,"column":24},"end":{"line":24,"column":3}},"locations":[{"start":{"line":19,"column":24},"end":{"line":24,"column":3}}]},"4":{"type":"branch","line":22,"loc":{"start":{"line":22,"column":31},"end":{"line":22,"column":52}},"locations":[{"start":{"line":22,"column":31},"end":{"line":22,"column":52}}]},"5":{"type":"branch","line":26,"loc":{"start":{"line":26,"column":24},"end":{"line":30,"column":3}},"locations":[{"start":{"line":26,"column":24},"end":{"line":30,"column":3}}]},"6":{"type":"branch","line":35,"loc":{"start":{"line":35,"column":20},"end":{"line":69,"column":7}},"locations":[{"start":{"line":35,"column":20},"end":{"line":69,"column":7}}]},"7":{"type":"branch","line":36,"loc":{"start":{"line":36,"column":39},"end":{"line":36,"column":95}},"locations":[{"start":{"line":36,"column":39},"end":{"line":36,"column":95}}]},"8":{"type":"branch","line":36,"loc":{"start":{"line":36,"column":86},"end":{"line":36,"column":96}},"locations":[{"start":{"line":36,"column":86},"end":{"line":36,"column":96}}]},"9":{"type":"branch","line":53,"loc":{"start":{"line":53,"column":55},"end":{"line":53,"column":65}},"locations":[{"start":{"line":53,"column":55},"end":{"line":53,"column":65}}]},"10":{"type":"branch","line":53,"loc":{"start":{"line":53,"column":59},"end":{"line":53,"column":68}},"locations":[{"start":{"line":53,"column":59},"end":{"line":53,"column":68}}]},"11":{"type":"branch","line":61,"loc":{"start":{"line":61,"column":41},"end":{"line":61,"column":80}},"locations":[{"start":{"line":61,"column":41},"end":{"line":61,"column":80}}]},"12":{"type":"branch","line":61,"loc":{"start":{"line":61,"column":45},"end":{"line":61,"column":97}},"locations":[{"start":{"line":61,"column":45},"end":{"line":61,"column":97}}]},"13":{"type":"branch","line":62,"loc":{"start":{"line":62,"column":46},"end":{"line":62,"column":85}},"locations":[{"start":{"line":62,"column":46},"end":{"line":62,"column":85}}]},"14":{"type":"branch","line":62,"loc":{"start":{"line":62,"column":50},"end":{"line":62,"column":115}},"locations":[{"start":{"line":62,"column":50},"end":{"line":62,"column":115}}]},"15":{"type":"branch","line":36,"loc":{"start":{"line":36,"column":78},"end":{"line":36,"column":84}},"locations":[{"start":{"line":36,"column":78},"end":{"line":36,"column":84}}]},"16":{"type":"branch","line":46,"loc":{"start":{"line":46,"column":28},"end":{"line":46,"column":72}},"locations":[{"start":{"line":46,"column":28},"end":{"line":46,"column":72}}]},"17":{"type":"branch","line":58,"loc":{"start":{"line":58,"column":23},"end":{"line":58,"column":50}},"locations":[{"start":{"line":58,"column":23},"end":{"line":58,"column":50}}]}},"b":{"0":[19],"1":[1],"2":[1],"3":[2],"4":[5],"5":[12],"6":[63],"7":[58],"8":[5],"9":[23],"10":[40],"11":[11],"12":[52],"13":[11],"14":[52],"15":[77],"16":[12],"17":[2]},"fnMap":{"0":{"name":"FeatureList","decl":{"start":{"line":12,"column":7},"end":{"line":86,"column":1}},"loc":{"start":{"line":12,"column":7},"end":{"line":86,"column":1}},"line":12},"1":{"name":"addFeature","decl":{"start":{"line":13,"column":21},"end":{"line":17,"column":3}},"loc":{"start":{"line":13,"column":21},"end":{"line":17,"column":3}},"line":13},"2":{"name":"removeFeature","decl":{"start":{"line":19,"column":24},"end":{"line":24,"column":3}},"loc":{"start":{"line":19,"column":24},"end":{"line":24,"column":3}},"line":19},"3":{"name":"updateFeature","decl":{"start":{"line":26,"column":24},"end":{"line":30,"column":3}},"loc":{"start":{"line":26,"column":24},"end":{"line":30,"column":3}},"line":26},"4":{"name":"onChange","decl":{"start":{"line":46,"column":28},"end":{"line":46,"column":72}},"loc":{"start":{"line":46,"column":28},"end":{"line":46,"column":72}},"line":46},"5":{"name":"onClick","decl":{"start":{"line":58,"column":23},"end":{"line":58,"column":50}},"loc":{"start":{"line":58,"column":23},"end":{"line":58,"column":50}},"line":58}},"f":{"0":19,"1":1,"2":2,"3":12,"4":12,"5":2}}
,"/Users/geoffgallinger/Projects/specinit/frontend/src/components/PlatformSelector.tsx": {"path":"/Users/geoffgallinger/Projects/specinit/frontend/src/components/PlatformSelector.tsx","all":false,"statementMap":{"0":{"start":{"line":1,"column":0},"end":{"line":1,"column":36}},"1":{"start":{"line":2,"column":0},"end":{"line":2,"column":0}},"2":{"start":{"line":3,"column":0},"end":{"line":3,"column":33}},"3":{"start":{"line":4,"column":0},"end":{"line":4,"column":20}},"4":{"start":{"line":5,"column":0},"end":{"line":5,"column":41}},"5":{"start":{"line":6,"column":0},"end":{"line":6,"column":16}},"6":{"start":{"line":7,"column":0},"end":{"line":7,"column":1}},"7":{"start":{"line":8,"column":0},"end":{"line":8,"column":0}},"8":{"start":{"line":9,"column":0},"end":{"line":9,"column":88}},"9":{"start":{"line":10,"column":0},"end":{"line":10,"column":50}},"10":{"start":{"line":11,"column":0},"end":{"line":11,"column":40}},"11":{"start":{"line":12,"column":0},"end":{"line":12,"column":56}},"12":{"start":{"line":13,"column":0},"end":{"line":13,"column":12}},"13":{"start":{"line":14,"column":0},"end":{"line":14,"column":41}},"14":{"start":{"line":15,"column":0},"end":{"line":15,"column":5}},"15":{"start":{"line":16,"column":0},"end":{"line":16,"column":3}},"16":{"start":{"line":17,"column":0},"end":{"line":17,"column":0}},"17":{"start":{"line":18,"column":0},"end":{"line":18,"column":10}},"18":{"start":{"line":19,"column":0},"end":{"line":19,"column":9}},"19":{"start":{"line":20,"column":0},"end":{"line":20,"column":70}},"20":{"start":{"line":21,"column":0},"end":{"line":21,"column":24}},"21":{"start":{"line":22,"column":0},"end":{"line":22,"column":14}},"22":{"start":{"line":23,"column":0},"end":{"line":23,"column":61}},"23":{"start":{"line":24,"column":0},"end":{"line":24,"column":38}},"24":{"start":{"line":25,"column":0},"end":{"line":25,"column":17}},"25":{"start":{"line":26,"column":0},"end":{"line":26,"column":29}},"26":{"start":{"line":27,"column":0},"end":{"line":27,"column":25}},"27":{"start":{"line":28,"column":0},"end":{"line":28,"column":55}},"28":{"start":{"line":29,"column":0},"end":{"line":29,"column":78}},"29":{"start":{"line":30,"column":0},"end":{"line":30,"column":44}},"30":{"start":{"line":31,"column":0},"end":{"line":31,"column":46}},"31":{"start":{"line":32,"column":0},"end":{"line":32,"column":57}},"32":{"start":{"line":33,"column":0},"end":{"line":33,"column":15}},"33":{"start":{"line":34,"column":0},"end":{"line":34,"column":11}},"34":{"start":{"line":35,"column":0},"end":{"line":35,"column":72}},"35":{"start":{"line":36,"column":0},"end":{"line":36,"column":65}},"36":{"start":{"line":37,"column":0},"end":{"line":37,"column":19}},"37":{"start":{"line":38,"column":0},"end":{"line":38,"column":11}},"38":{"start":{"line":39,"column":0},"end":{"line":39,"column":12}},"39":{"start":{"line":40,"column":0},"end":{"line":40,"column":69}},"40":{"start":{"line":41,"column":0},"end":{"line":41,"column":10}},"41":{"start":{"line":42,"column":0},"end":{"line":42,"column":3}},"42":{"start":{"line":43,"column":0},"end":{"line":43,"column":1}}},"s":{"0":1,"1":1,"2":1,"3":1,"4":1,"5":1,"6":1,"7":1,"8":1,"9":17,"10":10,"11":2,"12":10,"13":8,"14":8,"15":10,"16":17,"17":17,"18":17,"19":17,"20":17,"21":17,"22":17,"23":17,"24":102,"25":102,"26":102,"27":102,"28":102,"29":102,"30":29,"31":73,"32":102,"33":102,"34":102,"35":102,"36":102,"37":17,"38":17,"39":17,"40":17,"41":17,"42":17},"branchMap":{"0":{"type":"branch","line":9,"loc":{"start":{"line":9,"column":7},"end":{"line":43,"column":1}},"locations":[{"start":{"line":9,"column":7},"end":{"line":43,"column":1}}]},"1":{"type":"branch","line":40,"loc":{"start":{"line":40,"column":7},"end":{"line":40,"column":69}},"locations":[{"start":{"line":40,"column":7},"end":{"line":40,"column":69}}]},"2":{"type":"branch","line":10,"loc":{"start":{"line":10,"column":25},"end":{"line":16,"column":3}},"locations":[{"start":{"line":10,"column":25},"end":{"line":16,"column":3}}]},"3":{"type":"branch","line":11,"loc":{"start":{"line":11,"column":39},"end":{"line":13,"column":11}},"locations":[{"start":{"line":11,"column":39},"end":{"line":13,"column":11}}]},"4":{"type":"branch","line":13,"loc":{"start":{"line":13,"column":4},"end":{"line":15,"column":5}},"locations":[{"start":{"line":13,"column":4},"end":{"line":15,"column":5}}]},"5":{"type":"branch","line":12,"loc":{"start":{"line":12,"column":31},"end":{"line":12,"column":54}},"locations":[{"start":{"line":12,"column":31},"end":{"line":12,"column":54}}]},"6":{"type":"branch","line":24,"loc":{"start":{"line":24,"column":23},"end":{"line":37,"column":19}},"locations":[{"start":{"line":24,"column":23},"end":{"line":37,"column":19}}]},"7":{"type":"branch","line":30,"loc":{"start":{"line":30,"column":43},"end":{"line":31,"column":46}},"locations":[{"start":{"line":30,"column":43},"end":{"line":31,"column":46}}]},"8":{"type":"branch","line":31,"loc":{"start":{"line":31,"column":18},"end":{"line":32,"column":57}},"locations":[{"start":{"line":31,"column":18},"end":{"line":32,"column":57}}]},"9":{"type":"branch","line":28,"loc":{"start":{"line":28,"column":21},"end":{"line":28,"column":55}},"locations":[{"start":{"line":28,"column":21},"end":{"line":28,"column":55}}]}},"b":{"0":[17],"1":[1],"2":[10],"3":[2],"4":[8],"5":[5],"6":[102],"7":[29],"8":[73],"9":[10]},"fnMap":{"0":{"name":"PlatformSelector","decl":{"start":{"line":9,"column":7},"end":{"line":43,"column":1}},"loc":{"start":{"line":9,"column":7},"end":{"line":43,"column":1}},"line":9},"1":{"name":"togglePlatform","decl":{"start":{"line":10,"column":25},"end":{"line":16,"column":3}},"loc":{"start":{"line":10,"column":25},"end":{"line":16,"column":3}},"line":10},"2":{"name":"onClick","decl":{"start":{"line":28,"column":21},"end":{"line":28,"column":55}},"loc":{"start":{"line":28,"column":21},"end":{"line":28,"column":55}},"line":28}},"f":{"0":17,"1":10,"2":10}}
,"/Users/geoffgallinger/Projects/specinit/frontend/src/components/TechStackSelector.tsx": {"path":"/Users/geoffgallinger/Projects/specinit/frontend/src/components/TechStackSelector.tsx","all":false,"statementMap":{"0":{"start":{"line":1,"column":0},"end":{"line":1,"column":55}},"1":{"start":{"line":2,"column":0},"end":{"line":2,"column":0}},"2":{"start":{"line":3,"column":0},"end":{"line":3,"column":34}},"3":{"start":{"line":4,"column":0},"end":{"line":4,"column":18}},"4":{"start":{"line":5,"column":0},"end":{"line":5,"column":42}},"5":{"start":{"line":6,"column":0},"end":{"line":6,"column":21}},"6":{"start":{"line":7,"column":0},"end":{"line":7,"column":1}},"7":{"start":{"line":8,"column":0},"end":{"line":8,"column":0}},"8":{"start":{"line":9,"column":0},"end":{"line":9,"column":91}},"9":{"start":{"line":10,"column":0},"end":{"line":10,"column":71}},"10":{"start":{"line":11,"column":0},"end":{"line":11,"column":35}},"11":{"start":{"line":12,"column":0},"end":{"line":12,"column":44}},"12":{"start":{"line":13,"column":0},"end":{"line":13,"column":43}},"13":{"start":{"line":14,"column":0},"end":{"line":14,"column":28}},"14":{"start":{"line":15,"column":0},"end":{"line":15,"column":47}},"15":{"start":{"line":16,"column":0},"end":{"line":16,"column":3}},"16":{"start":{"line":17,"column":0},"end":{"line":17,"column":0}},"17":{"start":{"line":18,"column":0},"end":{"line":18,"column":94}},"18":{"start":{"line":19,"column":0},"end":{"line":19,"column":58}},"19":{"start":{"line":20,"column":0},"end":{"line":20,"column":0}},"20":{"start":{"line":21,"column":0},"end":{"line":21,"column":10}},"21":{"start":{"line":22,"column":0},"end":{"line":22,"column":31}},"22":{"start":{"line":23,"column":0},"end":{"line":23,"column":22}},"23":{"start":{"line":24,"column":0},"end":{"line":24,"column":24}},"24":{"start":{"line":25,"column":0},"end":{"line":25,"column":13}},"25":{"start":{"line":26,"column":0},"end":{"line":26,"column":78}},"26":{"start":{"line":27,"column":0},"end":{"line":27,"column":48}},"27":{"start":{"line":28,"column":0},"end":{"line":28,"column":50}},"28":{"start":{"line":29,"column":0},"end":{"line":29,"column":21}},"29":{"start":{"line":30,"column":0},"end":{"line":30,"column":26}},"30":{"start":{"line":31,"column":0},"end":{"line":31,"column":29}},"31":{"start":{"line":32,"column":0},"end":{"line":32,"column":62}},"32":{"start":{"line":33,"column":0},"end":{"line":33,"column":89}},"33":{"start":{"line":34,"column":0},"end":{"line":34,"column":47}},"34":{"start":{"line":35,"column":0},"end":{"line":35,"column":46}},"35":{"start":{"line":36,"column":0},"end":{"line":36,"column":67}},"36":{"start":{"line":37,"column":0},"end":{"line":37,"column":19}},"37":{"start":{"line":38,"column":0},"end":{"line":38,"column":15}},"38":{"start":{"line":39,"column":0},"end":{"line":39,"column":22}},"39":{"start":{"line":40,"column":0},"end":{"line":40,"column":23}},"40":{"start":{"line":41,"column":0},"end":{"line":41,"column":15}},"41":{"start":{"line":42,"column":0},"end":{"line":42,"column":16}},"42":{"start":{"line":43,"column":0},"end":{"line":43,"column":14}},"43":{"start":{"line":44,"column":0},"end":{"line":44,"column":8}},"44":{"start":{"line":45,"column":0},"end":{"line":45,"column":0}},"45":{"start":{"line":46,"column":0},"end":{"line":46,"column":21}},"46":{"start":{"line":47,"column":0},"end":{"line":47,"column":23}},"47":{"start":{"line":48,"column":0},"end":{"line":48,"column":13}},"48":{"start":{"line":49,"column":0},"end":{"line":49,"column":77}},"49":{"start":{"line":50,"column":0},"end":{"line":50,"column":48}},"50":{"start":{"line":51,"column":0},"end":{"line":51,"column":49}},"51":{"start":{"line":52,"column":0},"end":{"line":52,"column":21}},"52":{"start":{"line":53,"column":0},"end":{"line":53,"column":26}},"53":{"start":{"line":54,"column":0},"end":{"line":54,"column":29}},"54":{"start":{"line":55,"column":0},"end":{"line":55,"column":61}},"55":{"start":{"line":56,"column":0},"end":{"line":56,"column":89}},"56":{"start":{"line":57,"column":0},"end":{"line":57,"column":46}},"57":{"start":{"line":58,"column":0},"end":{"line":58,"column":46}},"58":{"start":{"line":59,"column":0},"end":{"line":59,"column":67}},"59":{"start":{"line":60,"column":0},"end":{"line":60,"column":19}},"60":{"start":{"line":61,"column":0},"end":{"line":61,"column":15}},"61":{"start":{"line":62,"column":0},"end":{"line":62,"column":22}},"62":{"start":{"line":63,"column":0},"end":{"line":63,"column":23}},"63":{"start":{"line":64,"column":0},"end":{"line":64,"column":15}},"64":{"start":{"line":65,"column":0},"end":{"line":65,"column":16}},"65":{"start":{"line":66,"column":0},"end":{"line":66,"column":14}},"66":{"start":{"line":67,"column":0},"end":{"line":67,"column":8}},"67":{"start":{"line":68,"column":0},"end":{"line":68,"column":0}},"68":{"start":{"line":69,"column":0},"end":{"line":69,"column":22}},"69":{"start":{"line":70,"column":0},"end":{"line":70,"column":11}},"70":{"start":{"line":71,"column":0},"end":{"line":71,"column":76}},"71":{"start":{"line":72,"column":0},"end":{"line":72,"column":46}},"72":{"start":{"line":73,"column":0},"end":{"line":73,"column":48}},"73":{"start":{"line":74,"column":0},"end":{"line":74,"column":19}},"74":{"start":{"line":75,"column":0},"end":{"line":75,"column":24}},"75":{"start":{"line":76,"column":0},"end":{"line":76,"column":27}},"76":{"start":{"line":77,"column":0},"end":{"line":77,"column":60}},"77":{"start":{"line":78,"column":0},"end":{"line":78,"column":87}},"78":{"start":{"line":79,"column":0},"end":{"line":79,"column":45}},"79":{"start":{"line":80,"column":0},"end":{"line":80,"column":44}},"80":{"start":{"line":81,"column":0},"end":{"line":81,"column":65}},"81":{"start":{"line":82,"column":0},"end":{"line":82,"column":17}},"82":{"start":{"line":83,"column":0},"end":{"line":83,"column":13}},"83":{"start":{"line":84,"column":0},"end":{"line":84,"column":20}},"84":{"start":{"line":85,"column":0},"end":{"line":85,"column":21}},"85":{"start":{"line":86,"column":0},"end":{"line":86,"column":13}},"86":{"start":{"line":87,"column":0},"end":{"line":87,"column":14}},"87":{"start":{"line":88,"column":0},"end":{"line":88,"column":12}},"88":{"start":{"line":89,"column":0},"end":{"line":89,"column":0}},"89":{"start":{"line":90,"column":0},"end":{"line":90,"column":19}},"90":{"start":{"line":91,"column":0},"end":{"line":91,"column":11}},"91":{"start":{"line":92,"column":0},"end":{"line":92,"column":73}},"92":{"start":{"line":93,"column":0},"end":{"line":93,"column":46}},"93":{"start":{"line":94,"column":0},"end":{"line":94,"column":45}},"94":{"start":{"line":95,"column":0},"end":{"line":95,"column":19}},"95":{"start":{"line":96,"column":0},"end":{"line":96,"column":24}},"96":{"start":{"line":97,"column":0},"end":{"line":97,"column":27}},"97":{"start":{"line":98,"column":0},"end":{"line":98,"column":57}},"98":{"start":{"line":99,"column":0},"end":{"line":99,"column":87}},"99":{"start":{"line":100,"column":0},"end":{"line":100,"column":42}},"100":{"start":{"line":101,"column":0},"end":{"line":101,"column":44}},"101":{"start":{"line":102,"column":0},"end":{"line":102,"column":65}},"102":{"start":{"line":103,"column":0},"end":{"line":103,"column":17}},"103":{"start":{"line":104,"column":0},"end":{"line":104,"column":13}},"104":{"start":{"line":105,"column":0},"end":{"line":105,"column":20}},"105":{"start":{"line":106,"column":0},"end":{"line":106,"column":21}},"106":{"start":{"line":107,"column":0},"end":{"line":107,"column":13}},"107":{"start":{"line":108,"column":0},"end":{"line":108,"column":14}},"108":{"start":{"line":109,"column":0},"end":{"line":109,"column":12}},"109":{"start":{"line":110,"column":0},"end":{"line":110,"column":10}},"110":{"start":{"line":111,"column":0},"end":{"line":111,"column":3}},"111":{"start":{"line":112,"column":0},"end":{"line":112,"column":1}}},"s":{"0":1,"1":1,"2":1,"3":1,"4":1,"5":1,"6":1,"7":1,"8":1,"9":23,"10":6,"11":6,"12":2,"13":4,"14":6,"15":6,"16":23,"17":23,"18":23,"19":23,"20":23,"21":23,"22":23,"23":23,"24":18,"25":18,"26":18,"27":18,"28":108,"29":108,"30":108,"31":108,"32":108,"33":108,"34":7,"35":101,"36":108,"37":108,"38":108,"39":108,"40":18,"41":18,"42":18,"43":23,"44":23,"45":23,"46":23,"47":19,"48":19,"49":19,"50":19,"51":95,"52":95,"53":95,"54":95,"55":95,"56":95,"57":2,"58":93,"59":95,"60":95,"61":95,"62":95,"63":19,"64":19,"65":19,"66":23,"67":23,"68":23,"69":23,"70":23,"71":23,"72":23,"73":115,"74":115,"75":115,"76":115,"77":115,"78":115,"79":3,"80":112,"81":115,"82":115,"83":115,"84":115,"85":23,"86":23,"87":23,"88":23,"89":23,"90":23,"91":23,"92":23,"93":23,"94":115,"95":115,"96":115,"97":115,"98":115,"99":115,"100":3,"101":112,"102":115,"103":115,"104":115,"105":115,"106":23,"107":23,"108":23,"109":23,"110":23,"111":23},"branchMap":{"0":{"type":"branch","line":9,"loc":{"start":{"line":9,"column":7},"end":{"line":112,"column":1}},"locations":[{"start":{"line":9,"column":7},"end":{"line":112,"column":1}}]},"1":{"type":"branch","line":24,"loc":{"start":{"line":24,"column":7},"end":{"line":43,"column":14}},"locations":[{"start":{"line":24,"column":7},"end":{"line":43,"column":14}}]},"2":{"type":"branch","line":47,"loc":{"start":{"line":47,"column":7},"end":{"line":66,"column":14}},"locations":[{"start":{"line":47,"column":7},"end":{"line":66,"column":14}}]},"3":{"type":"branch","line":10,"loc":{"start":{"line":10,"column":23},"end":{"line":16,"column":3}},"locations":[{"start":{"line":10,"column":23},"end":{"line":16,"column":3}}]},"4":{"type":"branch","line":12,"loc":{"start":{"line":12,"column":43},"end":{"line":13,"column":43}},"locations":[{"start":{"line":12,"column":43},"end":{"line":13,"column":43}}]},"5":{"type":"branch","line":13,"loc":{"start":{"line":13,"column":42},"end":{"line":14,"column":28}},"locations":[{"start":{"line":13,"column":42},"end":{"line":14,"column":28}}]},"6":{"type":"branch","line":13,"loc":{"start":{"line":13,"column":23},"end":{"line":13,"column":42}},"locations":[{"start":{"line":13,"column":23},"end":{"line":13,"column":42}}]},"7":{"type":"branch","line":18,"loc":{"start":{"line":18,"column":38},"end":{"line":18,"column":93}},"locations":[{"start":{"line":18,"column":38},"end":{"line":18,"column":93}}]},"8":{"type":"branch","line":19,"loc":{"start":{"line":19,"column":39},"end":{"line":19,"column":57}},"locations":[{"start":{"line":19,"column":39},"end":{"line":19,"column":57}}]},"9":{"type":"branch","line":28,"loc":{"start":{"line":28,"column":39},"end":{"line":40,"column":23}},"locations":[{"start":{"line":28,"column":39},"end":{"line":40,"column":23}}]},"10":{"type":"branch","line":34,"loc":{"start":{"line":34,"column":46},"end":{"line":35,"column":46}},"locations":[{"start":{"line":34,"column":46},"end":{"line":35,"column":46}}]},"11":{"type":"branch","line":35,"loc":{"start":{"line":35,"column":22},"end":{"line":36,"column":67}},"locations":[{"start":{"line":35,"column":22},"end":{"line":36,"column":67}}]},"12":{"type":"branch","line":32,"loc":{"start":{"line":32,"column":25},"end":{"line":32,"column":62}},"locations":[{"start":{"line":32,"column":25},"end":{"line":32,"column":62}}]},"13":{"type":"branch","line":51,"loc":{"start":{"line":51,"column":38},"end":{"line":63,"column":23}},"locations":[{"start":{"line":51,"column":38},"end":{"line":63,"column":23}}]},"14":{"type":"branch","line":57,"loc":{"start":{"line":57,"column":45},"end":{"line":58,"column":46}},"locations":[{"start":{"line":57,"column":45},"end":{"line":58,"column":46}}]},"15":{"type":"branch","line":58,"loc":{"start":{"line":58,"column":22},"end":{"line":59,"column":67}},"locations":[{"start":{"line":58,"column":22},"end":{"line":59,"column":67}}]},"16":{"type":"branch","line":55,"loc":{"start":{"line":55,"column":25},"end":{"line":55,"column":61}},"locations":[{"start":{"line":55,"column":25},"end":{"line":55,"column":61}}]},"17":{"type":"branch","line":73,"loc":{"start":{"line":73,"column":37},"end":{"line":85,"column":21}},"locations":[{"start":{"line":73,"column":37},"end":{"line":85,"column":21}}]},"18":{"type":"branch","line":79,"loc":{"start":{"line":79,"column":44},"end":{"line":80,"column":44}},"locations":[{"start":{"line":79,"column":44},"end":{"line":80,"column":44}}]},"19":{"type":"branch","line":80,"loc":{"start":{"line":80,"column":20},"end":{"line":81,"column":65}},"locations":[{"start":{"line":80,"column":20},"end":{"line":81,"column":65}}]},"20":{"type":"branch","line":77,"loc":{"start":{"line":77,"column":23},"end":{"line":77,"column":60}},"locations":[{"start":{"line":77,"column":23},"end":{"line":77,"column":60}}]},"21":{"type":"branch","line":94,"loc":{"start":{"line":94,"column":34},"end":{"line":106,"column":21}},"locations":[{"start":{"line":94,"column":34},"end":{"line":106,"column":21}}]},"22":{"type":"branch","line":100,"loc":{"start":{"line":100,"column":41},"end":{"line":101,"column":44}},"locations":[{"start":{"line":100,"column":41},"end":{"line":101,"column":44}}]},"23":{"type":"branch","line":101,"loc":{"start":{"line":101,"column":20},"end":{"line":102,"column":65}},"locations":[{"start":{"line":101,"column":20},"end":{"line":102,"column":65}}]},"24":{"type":"branch","line":98,"loc":{"start":{"line":98,"column":23},"end":{"line":98,"column":57}},"locations":[{"start":{"line":98,"column":23},"end":{"line":98,"column":57}}]}},"b":{"0":[23],"1":[18],"2":[19],"3":[6],"4":[2],"5":[4],"6":[4],"7":[23],"8":[23],"9":[108],"10":[7],"11":[101],"12":[2],"13":[95],"14":[2],"15":[93],"16":[1],"17":[115],"18":[3],"19":[112],"20":[1],"21":[115],"22":[3],"23":[112],"24":[2]},"fnMap":{"0":{"name":"TechStackSelector","decl":{"start":{"line":9,"column":7},"end":{"line":112,"column":1}},"loc":{"start":{"line":9,"column":7},"end":{"line":112,"column":1}},"line":9},"1":{"name":"toggleOption","decl":{"start":{"line":10,"column":23},"end":{"line":16,"column":3}},"loc":{"start":{"line":10,"column":23},"end":{"line":16,"column":3}},"line":10},"2":{"name":"onClick","decl":{"start":{"line":32,"column":25},"end":{"line":32,"column":62}},"loc":{"start":{"line":32,"column":25},"end":{"line":32,"column":62}},"line":32},"3":{"name":"onClick","decl":{"start":{"line":55,"column":25},"end":{"line":55,"column":61}},"loc":{"start":{"line":55,"column":25},"end":{"line":55,"column":61}},"line":55},"4":{"name":"onClick","decl":{"start":{"line":77,"column":23},"end":{"line":77,"column":60}},"loc":{"start":{"line":77,"column":23},"end":{"line":77,"column":60}},"line":77},"5":{"name":"onClick","decl":{"start":{"line":98,"column":23},"end":{"line":98,"column":57}},"loc":{"start":{"line":98,"column":23},"end":{"line":98,"column":57}},"line":98}},"f":{"0":23,"1":6,"2":2,"3":1,"4":1,"5":2}}
,"/Users/geoffgallinger/Projects/specinit/frontend/src/components/UserStoryInput.tsx": {"path":"/Users/geoffgallinger/Projects/specinit/frontend/src/components/UserStoryInput.tsx","all":false,"statementMap":{"0":{"start":{"line":1,"column":0},"end":{"line":1,"column":41}},"1":{"start":{"line":2,"column":0},"end":{"line":2,"column":50}},"2":{"start":{"line":3,"column":0},"end":{"line":3,"column":0}},"3":{"start":{"line":4,"column":0},"end":{"line":4,"column":31}},"4":{"start":{"line":5,"column":0},"end":{"line":5,"column":18}},"5":{"start":{"line":6,"column":0},"end":{"line":6,"column":42}},"6":{"start":{"line":7,"column":0},"end":{"line":7,"column":33}},"7":{"start":{"line":8,"column":0},"end":{"line":8,"column":1}},"8":{"start":{"line":9,"column":0},"end":{"line":9,"column":0}},"9":{"start":{"line":10,"column":0},"end":{"line":10,"column":82}},"10":{"start":{"line":11,"column":0},"end":{"line":11,"column":71}},"11":{"start":{"line":12,"column":0},"end":{"line":12,"column":47}},"12":{"start":{"line":13,"column":0},"end":{"line":13,"column":3}},"13":{"start":{"line":14,"column":0},"end":{"line":14,"column":0}},"14":{"start":{"line":15,"column":0},"end":{"line":15,"column":10}},"15":{"start":{"line":16,"column":0},"end":{"line":16,"column":31}},"16":{"start":{"line":17,"column":0},"end":{"line":17,"column":69}},"17":{"start":{"line":18,"column":0},"end":{"line":18,"column":23}},"18":{"start":{"line":19,"column":0},"end":{"line":19,"column":14}},"19":{"start":{"line":20,"column":0},"end":{"line":20,"column":21}},"20":{"start":{"line":21,"column":0},"end":{"line":21,"column":28}},"21":{"start":{"line":22,"column":0},"end":{"line":22,"column":63}},"22":{"start":{"line":23,"column":0},"end":{"line":23,"column":130}},"23":{"start":{"line":24,"column":0},"end":{"line":24,"column":35}},"24":{"start":{"line":25,"column":0},"end":{"line":25,"column":10}},"25":{"start":{"line":26,"column":0},"end":{"line":26,"column":12}},"26":{"start":{"line":27,"column":0},"end":{"line":27,"column":24}},"27":{"start":{"line":28,"column":0},"end":{"line":28,"column":69}},"28":{"start":{"line":29,"column":0},"end":{"line":29,"column":8}},"29":{"start":{"line":30,"column":0},"end":{"line":30,"column":0}},"30":{"start":{"line":31,"column":0},"end":{"line":31,"column":69}},"31":{"start":{"line":32,"column":0},"end":{"line":32,"column":30}},"32":{"start":{"line":33,"column":0},"end":{"line":33,"column":14}},"33":{"start":{"line":34,"column":0},"end":{"line":34,"column":21}},"34":{"start":{"line":35,"column":0},"end":{"line":35,"column":30}},"35":{"start":{"line":36,"column":0},"end":{"line":36,"column":65}},"36":{"start":{"line":37,"column":0},"end":{"line":37,"column":130}},"37":{"start":{"line":38,"column":0},"end":{"line":38,"column":54}},"38":{"start":{"line":39,"column":0},"end":{"line":39,"column":10}},"39":{"start":{"line":40,"column":0},"end":{"line":40,"column":12}},"40":{"start":{"line":41,"column":0},"end":{"line":41,"column":26}},"41":{"start":{"line":42,"column":0},"end":{"line":42,"column":71}},"42":{"start":{"line":43,"column":0},"end":{"line":43,"column":8}},"43":{"start":{"line":44,"column":0},"end":{"line":44,"column":0}},"44":{"start":{"line":45,"column":0},"end":{"line":45,"column":69}},"45":{"start":{"line":46,"column":0},"end":{"line":46,"column":28}},"46":{"start":{"line":47,"column":0},"end":{"line":47,"column":14}},"47":{"start":{"line":48,"column":0},"end":{"line":48,"column":21}},"48":{"start":{"line":49,"column":0},"end":{"line":49,"column":31}},"49":{"start":{"line":50,"column":0},"end":{"line":50,"column":66}},"50":{"start":{"line":51,"column":0},"end":{"line":51,"column":130}},"51":{"start":{"line":52,"column":0},"end":{"line":52,"column":56}},"52":{"start":{"line":53,"column":0},"end":{"line":53,"column":10}},"53":{"start":{"line":54,"column":0},"end":{"line":54,"column":12}},"54":{"start":{"line":55,"column":0},"end":{"line":55,"column":27}},"55":{"start":{"line":56,"column":0},"end":{"line":56,"column":72}},"56":{"start":{"line":57,"column":0},"end":{"line":57,"column":8}},"57":{"start":{"line":58,"column":0},"end":{"line":58,"column":10}},"58":{"start":{"line":59,"column":0},"end":{"line":59,"column":3}},"59":{"start":{"line":60,"column":0},"end":{"line":60,"column":1}}},"s":{"0":1,"1":1,"2":1,"3":1,"4":1,"5":1,"6":1,"7":1,"8":1,"9":1,"10":9,"11":50,"12":50,"13":9,"14":9,"15":9,"16":9,"17":9,"18":9,"19":9,"20":9,"21":9,"22":9,"23":9,"24":9,"25":9,"26":9,"27":2,"28":9,"29":9,"30":9,"31":9,"32":9,"33":9,"34":9,"35":9,"36":9,"37":9,"38":9,"39":9,"40":9,"41":2,"42":9,"43":9,"44":9,"45":9,"46":9,"47":9,"48":9,"49":9,"50":9,"51":9,"52":9,"53":9,"54":9,"55":2,"56":9,"57":9,"58":9,"59":9},"branchMap":{"0":{"type":"branch","line":10,"loc":{"start":{"line":10,"column":7},"end":{"line":60,"column":1}},"locations":[{"start":{"line":10,"column":7},"end":{"line":60,"column":1}}]},"1":{"type":"branch","line":27,"loc":{"start":{"line":27,"column":7},"end":{"line":27,"column":24}},"locations":[{"start":{"line":27,"column":7},"end":{"line":27,"column":24}}]},"2":{"type":"branch","line":27,"loc":{"start":{"line":27,"column":15},"end":{"line":28,"column":69}},"locations":[{"start":{"line":27,"column":15},"end":{"line":28,"column":69}}]},"3":{"type":"branch","line":41,"loc":{"start":{"line":41,"column":7},"end":{"line":41,"column":26}},"locations":[{"start":{"line":41,"column":7},"end":{"line":41,"column":26}}]},"4":{"type":"branch","line":41,"loc":{"start":{"line":41,"column":15},"end":{"line":42,"column":71}},"locations":[{"start":{"line":41,"column":15},"end":{"line":42,"column":71}}]},"5":{"type":"branch","line":55,"loc":{"start":{"line":55,"column":7},"end":{"line":55,"column":27}},"locations":[{"start":{"line":55,"column":7},"end":{"line":55,"column":27}}]},"6":{"type":"branch","line":55,"loc":{"start":{"line":55,"column":15},"end":{"line":56,"column":72}},"locations":[{"start":{"line":55,"column":15},"end":{"line":56,"column":72}}]},"7":{"type":"branch","line":11,"loc":{"start":{"line":11,"column":22},"end":{"line":13,"column":3}},"locations":[{"start":{"line":11,"column":22},"end":{"line":13,"column":3}}]},"8":{"type":"branch","line":22,"loc":{"start":{"line":22,"column":20},"end":{"line":22,"column":63}},"locations":[{"start":{"line":22,"column":20},"end":{"line":22,"column":63}}]},"9":{"type":"branch","line":36,"loc":{"start":{"line":36,"column":20},"end":{"line":36,"column":65}},"locations":[{"start":{"line":36,"column":20},"end":{"line":36,"column":65}}]},"10":{"type":"branch","line":50,"loc":{"start":{"line":50,"column":20},"end":{"line":50,"column":66}},"locations":[{"start":{"line":50,"column":20},"end":{"line":50,"column":66}}]}},"b":{"0":[9],"1":[4],"2":[2],"3":[4],"4":[2],"5":[4],"6":[2],"7":[50],"8":[6],"9":[20],"10":[24]},"fnMap":{"0":{"name":"UserStoryInput","decl":{"start":{"line":10,"column":7},"end":{"line":60,"column":1}},"loc":{"start":{"line":10,"column":7},"end":{"line":60,"column":1}},"line":10},"1":{"name":"updateField","decl":{"start":{"line":11,"column":22},"end":{"line":13,"column":3}},"loc":{"start":{"line":11,"column":22},"end":{"line":13,"column":3}},"line":11},"2":{"name":"onChange","decl":{"start":{"line":22,"column":20},"end":{"line":22,"column":63}},"loc":{"start":{"line":22,"column":20},"end":{"line":22,"column":63}},"line":22},"3":{"name":"onChange","decl":{"start":{"line":36,"column":20},"end":{"line":36,"column":65}},"loc":{"start":{"line":36,"column":20},"end":{"line":36,"column":65}},"line":36},"4":{"name":"onChange","decl":{"start":{"line":50,"column":20},"end":{"line":50,"column":66}},"loc":{"start":{"line":50,"column":20},"end":{"line":50,"column":66}},"line":50}},"f":{"0":9,"1":50,"2":6,"3":20,"4":24}}
,"/Users/geoffgallinger/Projects/specinit/frontend/src/contexts/SuggestionContext.tsx": {"path":"/Users/geoffgallinger/Projects/specinit/frontend/src/contexts/SuggestionContext.tsx","all":false,"statementMap":{"0":{"start":{"line":1,"column":0},"end":{"line":1,"column":57}},"1":{"start":{"line":2,"column":0},"end":{"line":2,"column":81}},"2":{"start":{"line":3,"column":0},"end":{"line":3,"column":0}},"3":{"start":{"line":4,"column":0},"end":{"line":4,"column":8}},"4":{"start":{"line":5,"column":0},"end":{"line":5,"column":26}},"5":{"start":{"line":6,"column":0},"end":{"line":6,"column":22}},"6":{"start":{"line":7,"column":0},"end":{"line":7,"column":29}},"7":{"start":{"line":8,"column":0},"end":{"line":8,"column":22}},"8":{"start":{"line":9,"column":0},"end":{"line":9,"column":15}},"9":{"start":{"line":10,"column":0},"end":{"line":10,"column":17}},"10":{"start":{"line":11,"column":0},"end":{"line":11,"column":19}},"11":{"start":{"line":12,"column":0},"end":{"line":12,"column":20}},"12":{"start":{"line":13,"column":0},"end":{"line":13,"column":3}},"13":{"start":{"line":14,"column":0},"end":{"line":14,"column":21}},"14":{"start":{"line":15,"column":0},"end":{"line":15,"column":15}},"15":{"start":{"line":16,"column":0},"end":{"line":16,"column":23}},"16":{"start":{"line":17,"column":0},"end":{"line":17,"column":22}},"17":{"start":{"line":18,"column":0},"end":{"line":18,"column":23}},"18":{"start":{"line":19,"column":0},"end":{"line":19,"column":20}},"19":{"start":{"line":20,"column":0},"end":{"line":20,"column":3}},"20":{"start":{"line":21,"column":0},"end":{"line":21,"column":23}},"21":{"start":{"line":22,"column":0},"end":{"line":22,"column":28}},"22":{"start":{"line":23,"column":0},"end":{"line":23,"column":1}},"23":{"start":{"line":24,"column":0},"end":{"line":24,"column":0}},"24":{"start":{"line":25,"column":0},"end":{"line":25,"column":33}},"25":{"start":{"line":26,"column":0},"end":{"line":26,"column":26}},"26":{"start":{"line":27,"column":0},"end":{"line":27,"column":25}},"27":{"start":{"line":28,"column":0},"end":{"line":28,"column":56}},"28":{"start":{"line":29,"column":0},"end":{"line":29,"column":0}},"29":{"start":{"line":30,"column":0},"end":{"line":30,"column":21}},"30":{"start":{"line":31,"column":0},"end":{"line":31,"column":29}},"31":{"start":{"line":32,"column":0},"end":{"line":32,"column":51}},"32":{"start":{"line":33,"column":0},"end":{"line":33,"column":0}},"33":{"start":{"line":34,"column":0},"end":{"line":34,"column":18}},"34":{"start":{"line":35,"column":0},"end":{"line":35,"column":19}},"35":{"start":{"line":36,"column":0},"end":{"line":36,"column":33}},"36":{"start":{"line":37,"column":0},"end":{"line":37,"column":0}},"37":{"start":{"line":38,"column":0},"end":{"line":38,"column":24}},"38":{"start":{"line":39,"column":0},"end":{"line":39,"column":77}},"39":{"start":{"line":40,"column":0},"end":{"line":40,"column":20}},"40":{"start":{"line":41,"column":0},"end":{"line":41,"column":1}},"41":{"start":{"line":42,"column":0},"end":{"line":42,"column":0}},"42":{"start":{"line":43,"column":0},"end":{"line":43,"column":27}},"43":{"start":{"line":44,"column":0},"end":{"line":44,"column":18}},"44":{"start":{"line":45,"column":0},"end":{"line":45,"column":25}},"45":{"start":{"line":46,"column":0},"end":{"line":46,"column":21}},"46":{"start":{"line":47,"column":0},"end":{"line":47,"column":3}},"47":{"start":{"line":48,"column":0},"end":{"line":48,"column":1}},"48":{"start":{"line":49,"column":0},"end":{"line":49,"column":0}},"49":{"start":{"line":50,"column":0},"end":{"line":50,"column":17}},"50":{"start":{"line":51,"column":0},"end":{"line":51,"column":85}},"51":{"start":{"line":52,"column":0},"end":{"line":52,"column":0}},"52":{"start":{"line":53,"column":0},"end":{"line":53,"column":24}},"53":{"start":{"line":54,"column":0},"end":{"line":54,"column":34}},"54":{"start":{"line":55,"column":0},"end":{"line":55,"column":25}},"55":{"start":{"line":56,"column":0},"end":{"line":56,"column":0}},"56":{"start":{"line":57,"column":0},"end":{"line":57,"column":21}},"57":{"start":{"line":58,"column":0},"end":{"line":58,"column":81}},"58":{"start":{"line":59,"column":0},"end":{"line":59,"column":60}},"59":{"start":{"line":60,"column":0},"end":{"line":60,"column":69}},"60":{"start":{"line":61,"column":0},"end":{"line":61,"column":47}},"61":{"start":{"line":62,"column":0},"end":{"line":62,"column":51}},"62":{"start":{"line":63,"column":0},"end":{"line":63,"column":77}},"63":{"start":{"line":64,"column":0},"end":{"line":64,"column":0}},"64":{"start":{"line":65,"column":0},"end":{"line":65,"column":57}},"65":{"start":{"line":66,"column":0},"end":{"line":66,"column":72}},"66":{"start":{"line":67,"column":0},"end":{"line":67,"column":27}},"67":{"start":{"line":68,"column":0},"end":{"line":68,"column":14}},"68":{"start":{"line":69,"column":0},"end":{"line":69,"column":21}},"69":{"start":{"line":70,"column":0},"end":{"line":70,"column":7}},"70":{"start":{"line":71,"column":0},"end":{"line":71,"column":8}},"71":{"start":{"line":72,"column":0},"end":{"line":72,"column":0}},"72":{"start":{"line":73,"column":0},"end":{"line":73,"column":30}},"73":{"start":{"line":74,"column":0},"end":{"line":74,"column":49}},"74":{"start":{"line":75,"column":0},"end":{"line":75,"column":39}},"75":{"start":{"line":76,"column":0},"end":{"line":76,"column":8}},"76":{"start":{"line":77,"column":0},"end":{"line":77,"column":0}},"77":{"start":{"line":78,"column":0},"end":{"line":78,"column":46}},"78":{"start":{"line":79,"column":0},"end":{"line":79,"column":83}},"79":{"start":{"line":80,"column":0},"end":{"line":80,"column":63}},"80":{"start":{"line":81,"column":0},"end":{"line":81,"column":50}},"81":{"start":{"line":82,"column":0},"end":{"line":82,"column":20}},"82":{"start":{"line":83,"column":0},"end":{"line":83,"column":13}},"83":{"start":{"line":84,"column":0},"end":{"line":84,"column":25}},"84":{"start":{"line":85,"column":0},"end":{"line":85,"column":54}},"85":{"start":{"line":86,"column":0},"end":{"line":86,"column":34}},"86":{"start":{"line":87,"column":0},"end":{"line":87,"column":33}},"87":{"start":{"line":88,"column":0},"end":{"line":88,"column":9}},"88":{"start":{"line":89,"column":0},"end":{"line":89,"column":8}},"89":{"start":{"line":90,"column":0},"end":{"line":90,"column":51}},"90":{"start":{"line":91,"column":0},"end":{"line":91,"column":8}},"91":{"start":{"line":92,"column":0},"end":{"line":92,"column":0}},"92":{"start":{"line":93,"column":0},"end":{"line":93,"column":32}},"93":{"start":{"line":94,"column":0},"end":{"line":94,"column":40}},"94":{"start":{"line":95,"column":0},"end":{"line":95,"column":26}},"95":{"start":{"line":96,"column":0},"end":{"line":96,"column":34}},"96":{"start":{"line":97,"column":0},"end":{"line":97,"column":41}},"97":{"start":{"line":98,"column":0},"end":{"line":98,"column":42}},"98":{"start":{"line":99,"column":0},"end":{"line":99,"column":0}},"99":{"start":{"line":100,"column":0},"end":{"line":100,"column":38}},"100":{"start":{"line":101,"column":0},"end":{"line":101,"column":41}},"101":{"start":{"line":102,"column":0},"end":{"line":102,"column":51}},"102":{"start":{"line":103,"column":0},"end":{"line":103,"column":30}},"103":{"start":{"line":104,"column":0},"end":{"line":104,"column":9}},"104":{"start":{"line":105,"column":0},"end":{"line":105,"column":8}},"105":{"start":{"line":106,"column":0},"end":{"line":106,"column":0}},"106":{"start":{"line":107,"column":0},"end":{"line":107,"column":54}},"107":{"start":{"line":108,"column":0},"end":{"line":108,"column":57}},"108":{"start":{"line":109,"column":0},"end":{"line":109,"column":52}},"109":{"start":{"line":110,"column":0},"end":{"line":110,"column":53}},"110":{"start":{"line":111,"column":0},"end":{"line":111,"column":9}},"111":{"start":{"line":112,"column":0},"end":{"line":112,"column":43}},"112":{"start":{"line":113,"column":0},"end":{"line":113,"column":67}},"113":{"start":{"line":114,"column":0},"end":{"line":114,"column":30}},"114":{"start":{"line":115,"column":0},"end":{"line":115,"column":10}},"115":{"start":{"line":116,"column":0},"end":{"line":116,"column":22}},"116":{"start":{"line":117,"column":0},"end":{"line":117,"column":7}},"117":{"start":{"line":118,"column":0},"end":{"line":118,"column":0}},"118":{"start":{"line":119,"column":0},"end":{"line":119,"column":20}},"119":{"start":{"line":120,"column":0},"end":{"line":120,"column":6}},"120":{"start":{"line":121,"column":0},"end":{"line":121,"column":8}},"121":{"start":{"line":122,"column":0},"end":{"line":122,"column":0}},"122":{"start":{"line":123,"column":0},"end":{"line":123,"column":31}},"123":{"start":{"line":124,"column":0},"end":{"line":124,"column":37}},"124":{"start":{"line":125,"column":0},"end":{"line":125,"column":76}},"125":{"start":{"line":126,"column":0},"end":{"line":126,"column":32}},"126":{"start":{"line":127,"column":0},"end":{"line":127,"column":17}},"127":{"start":{"line":128,"column":0},"end":{"line":128,"column":7}},"128":{"start":{"line":129,"column":0},"end":{"line":129,"column":0}},"129":{"start":{"line":130,"column":0},"end":{"line":130,"column":26}},"130":{"start":{"line":131,"column":0},"end":{"line":131,"column":50}},"131":{"start":{"line":132,"column":0},"end":{"line":132,"column":46}},"132":{"start":{"line":133,"column":0},"end":{"line":133,"column":67}},"133":{"start":{"line":134,"column":0},"end":{"line":134,"column":33}},"134":{"start":{"line":135,"column":0},"end":{"line":135,"column":7}},"135":{"start":{"line":136,"column":0},"end":{"line":136,"column":0}},"136":{"start":{"line":137,"column":0},"end":{"line":137,"column":24}},"137":{"start":{"line":138,"column":0},"end":{"line":138,"column":11}},"138":{"start":{"line":139,"column":0},"end":{"line":139,"column":27}},"139":{"start":{"line":140,"column":0},"end":{"line":140,"column":54}},"140":{"start":{"line":141,"column":0},"end":{"line":141,"column":25}},"141":{"start":{"line":142,"column":0},"end":{"line":142,"column":20}},"142":{"start":{"line":143,"column":0},"end":{"line":143,"column":47}},"143":{"start":{"line":144,"column":0},"end":{"line":144,"column":12}},"144":{"start":{"line":145,"column":0},"end":{"line":145,"column":32}},"145":{"start":{"line":146,"column":0},"end":{"line":146,"column":18}},"146":{"start":{"line":147,"column":0},"end":{"line":147,"column":20}},"147":{"start":{"line":148,"column":0},"end":{"line":148,"column":40}},"148":{"start":{"line":149,"column":0},"end":{"line":149,"column":21}},"149":{"start":{"line":150,"column":0},"end":{"line":150,"column":13}},"150":{"start":{"line":151,"column":0},"end":{"line":151,"column":10}},"151":{"start":{"line":152,"column":0},"end":{"line":152,"column":0}},"152":{"start":{"line":153,"column":0},"end":{"line":153,"column":27}},"153":{"start":{"line":154,"column":0},"end":{"line":154,"column":45}},"154":{"start":{"line":155,"column":0},"end":{"line":155,"column":72}},"155":{"start":{"line":156,"column":0},"end":{"line":156,"column":9}},"156":{"start":{"line":157,"column":0},"end":{"line":157,"column":0}},"157":{"start":{"line":158,"column":0},"end":{"line":158,"column":42}},"158":{"start":{"line":159,"column":0},"end":{"line":159,"column":50}},"159":{"start":{"line":160,"column":0},"end":{"line":160,"column":0}},"160":{"start":{"line":161,"column":0},"end":{"line":161,"column":22}},"161":{"start":{"line":162,"column":0},"end":{"line":162,"column":24}},"162":{"start":{"line":163,"column":0},"end":{"line":163,"column":28}},"163":{"start":{"line":164,"column":0},"end":{"line":164,"column":9}},"164":{"start":{"line":165,"column":0},"end":{"line":165,"column":0}},"165":{"start":{"line":166,"column":0},"end":{"line":166,"column":27}},"166":{"start":{"line":167,"column":0},"end":{"line":167,"column":39}},"167":{"start":{"line":168,"column":0},"end":{"line":168,"column":18}},"168":{"start":{"line":169,"column":0},"end":{"line":169,"column":23}},"169":{"start":{"line":170,"column":0},"end":{"line":170,"column":24}},"170":{"start":{"line":171,"column":0},"end":{"line":171,"column":34}},"171":{"start":{"line":172,"column":0},"end":{"line":172,"column":12}},"172":{"start":{"line":173,"column":0},"end":{"line":173,"column":11}},"173":{"start":{"line":174,"column":0},"end":{"line":174,"column":0}},"174":{"start":{"line":175,"column":0},"end":{"line":175,"column":35}},"175":{"start":{"line":176,"column":0},"end":{"line":176,"column":20}},"176":{"start":{"line":177,"column":0},"end":{"line":177,"column":0}},"177":{"start":{"line":178,"column":0},"end":{"line":178,"column":26}},"178":{"start":{"line":179,"column":0},"end":{"line":179,"column":23}},"179":{"start":{"line":180,"column":0},"end":{"line":180,"column":59}},"180":{"start":{"line":181,"column":0},"end":{"line":181,"column":51}},"181":{"start":{"line":182,"column":0},"end":{"line":182,"column":17}},"182":{"start":{"line":183,"column":0},"end":{"line":183,"column":17}},"183":{"start":{"line":184,"column":0},"end":{"line":184,"column":27}},"184":{"start":{"line":185,"column":0},"end":{"line":185,"column":7}},"185":{"start":{"line":186,"column":0},"end":{"line":186,"column":6}},"186":{"start":{"line":187,"column":0},"end":{"line":187,"column":84}},"187":{"start":{"line":188,"column":0},"end":{"line":188,"column":3}},"188":{"start":{"line":189,"column":0},"end":{"line":189,"column":0}},"189":{"start":{"line":190,"column":0},"end":{"line":190,"column":26}},"190":{"start":{"line":191,"column":0},"end":{"line":191,"column":24}},"191":{"start":{"line":192,"column":0},"end":{"line":192,"column":12}},"192":{"start":{"line":193,"column":0},"end":{"line":193,"column":14}},"193":{"start":{"line":194,"column":0},"end":{"line":194,"column":20}},"194":{"start":{"line":195,"column":0},"end":{"line":195,"column":25}},"195":{"start":{"line":196,"column":0},"end":{"line":196,"column":28}},"196":{"start":{"line":197,"column":0},"end":{"line":197,"column":16}},"197":{"start":{"line":198,"column":0},"end":{"line":198,"column":14}},"198":{"start":{"line":199,"column":0},"end":{"line":199,"column":21}},"199":{"start":{"line":200,"column":0},"end":{"line":200,"column":16}},"200":{"start":{"line":201,"column":0},"end":{"line":201,"column":7}},"201":{"start":{"line":202,"column":0},"end":{"line":202,"column":5}},"202":{"start":{"line":203,"column":0},"end":{"line":203,"column":14}},"203":{"start":{"line":204,"column":0},"end":{"line":204,"column":20}},"204":{"start":{"line":205,"column":0},"end":{"line":205,"column":25}},"205":{"start":{"line":206,"column":0},"end":{"line":206,"column":28}},"206":{"start":{"line":207,"column":0},"end":{"line":207,"column":16}},"207":{"start":{"line":208,"column":0},"end":{"line":208,"column":14}},"208":{"start":{"line":209,"column":0},"end":{"line":209,"column":21}},"209":{"start":{"line":210,"column":0},"end":{"line":210,"column":16}},"210":{"start":{"line":211,"column":0},"end":{"line":211,"column":5}},"211":{"start":{"line":212,"column":0},"end":{"line":212,"column":3}},"212":{"start":{"line":213,"column":0},"end":{"line":213,"column":0}},"213":{"start":{"line":214,"column":0},"end":{"line":214,"column":90}},"214":{"start":{"line":215,"column":0},"end":{"line":215,"column":1}},"215":{"start":{"line":216,"column":0},"end":{"line":216,"column":0}},"216":{"start":{"line":217,"column":0},"end":{"line":217,"column":33}},"217":{"start":{"line":218,"column":0},"end":{"line":218,"column":40}},"218":{"start":{"line":219,"column":0},"end":{"line":219,"column":47}},"219":{"start":{"line":220,"column":0},"end":{"line":220,"column":30}},"220":{"start":{"line":221,"column":0},"end":{"line":221,"column":84}},"221":{"start":{"line":222,"column":0},"end":{"line":222,"column":3}},"222":{"start":{"line":223,"column":0},"end":{"line":223,"column":16}},"223":{"start":{"line":224,"column":0},"end":{"line":224,"column":1}}},"s":{"0":1,"1":1,"2":1,"3":1,"4":1,"5":1,"6":1,"7":1,"8":1,"9":1,"10":1,"11":1,"12":1,"13":1,"14":1,"15":1,"16":1,"17":1,"18":1,"19":1,"20":1,"21":1,"22":1,"23":1,"24":1,"25":1,"26":1,"27":1,"28":1,"29":1,"30":1,"31":1,"32":1,"33":1,"34":1,"35":1,"36":1,"37":1,"38":1,"39":1,"40":1,"41":1,"42":1,"43":1,"44":1,"45":1,"46":1,"47":1,"48":1,"49":1,"50":1,"51":1,"52":1,"53":1,"54":1,"55":1,"56":1,"57":1,"58":46,"59":46,"60":46,"61":46,"62":46,"63":46,"64":46,"65":46,"66":8,"67":8,"68":8,"69":8,"70":46,"71":46,"72":46,"73":46,"74":10,"75":46,"76":46,"77":46,"78":46,"79":9,"80":9,"81":9,"82":9,"83":9,"84":6,"85":6,"86":6,"87":6,"88":9,"89":9,"90":46,"91":46,"92":46,"93":46,"94":8,"95":8,"96":8,"97":8,"98":8,"99":8,"100":8,"101":9,"102":9,"103":9,"104":8,"105":8,"106":8,"107":8,"108":0,"109":0,"110":0,"111":0,"112":0,"113":0,"114":0,"115":0,"116":0,"117":8,"118":8,"119":8,"120":46,"121":46,"122":46,"123":46,"124":46,"125":12,"126":3,"127":3,"128":9,"129":9,"130":9,"131":9,"132":12,"133":1,"134":1,"135":8,"136":8,"137":8,"138":8,"139":8,"140":8,"141":8,"142":8,"143":8,"144":8,"145":8,"146":8,"147":8,"148":8,"149":8,"150":8,"151":8,"152":12,"153":0,"154":0,"155":0,"156":8,"157":8,"158":12,"159":12,"160":12,"161":12,"162":8,"163":8,"164":8,"165":8,"166":8,"167":8,"168":8,"169":8,"170":8,"171":8,"172":8,"173":8,"174":8,"175":8,"176":8,"177":8,"178":12,"179":0,"180":0,"181":0,"182":12,"183":8,"184":8,"185":12,"186":46,"187":46,"188":46,"189":46,"190":46,"191":46,"192":46,"193":46,"194":46,"195":46,"196":46,"197":46,"198":46,"199":46,"200":46,"201":46,"202":46,"203":46,"204":46,"205":46,"206":46,"207":46,"208":46,"209":46,"210":46,"211":46,"212":46,"213":46,"214":46,"215":1,"216":1,"217":1,"218":41,"219":41,"220":4,"221":4,"222":37,"223":37},"branchMap":{"0":{"type":"branch","line":58,"loc":{"start":{"line":58,"column":7},"end":{"line":215,"column":1}},"locations":[{"start":{"line":58,"column":7},"end":{"line":215,"column":1}}]},"1":{"type":"branch","line":66,"loc":{"start":{"line":66,"column":36},"end":{"line":71,"column":5}},"locations":[{"start":{"line":66,"column":36},"end":{"line":71,"column":5}}]},"2":{"type":"branch","line":67,"loc":{"start":{"line":67,"column":15},"end":{"line":70,"column":6}},"locations":[{"start":{"line":67,"column":15},"end":{"line":70,"column":6}}]},"3":{"type":"branch","line":74,"loc":{"start":{"line":74,"column":30},"end":{"line":76,"column":5}},"locations":[{"start":{"line":74,"column":30},"end":{"line":76,"column":5}}]},"4":{"type":"branch","line":75,"loc":{"start":{"line":75,"column":17},"end":{"line":75,"column":38}},"locations":[{"start":{"line":75,"column":17},"end":{"line":75,"column":38}}]},"5":{"type":"branch","line":79,"loc":{"start":{"line":79,"column":34},"end":{"line":91,"column":5}},"locations":[{"start":{"line":79,"column":34},"end":{"line":91,"column":5}}]},"6":{"type":"branch","line":84,"loc":{"start":{"line":84,"column":15},"end":{"line":89,"column":7}},"locations":[{"start":{"line":84,"column":15},"end":{"line":89,"column":7}}]},"7":{"type":"branch","line":94,"loc":{"start":{"line":94,"column":33},"end":{"line":121,"column":5}},"locations":[{"start":{"line":94,"column":33},"end":{"line":121,"column":5}}]},"8":{"type":"branch","line":96,"loc":{"start":{"line":96,"column":23},"end":{"line":120,"column":5}},"locations":[{"start":{"line":96,"column":23},"end":{"line":120,"column":5}}]},"9":{"type":"branch","line":108,"loc":{"start":{"line":108,"column":56},"end":{"line":117,"column":7}},"locations":[{"start":{"line":108,"column":56},"end":{"line":117,"column":7}}]},"10":{"type":"branch","line":101,"loc":{"start":{"line":101,"column":22},"end":{"line":105,"column":7}},"locations":[{"start":{"line":101,"column":22},"end":{"line":105,"column":7}}]},"11":{"type":"branch","line":125,"loc":{"start":{"line":125,"column":4},"end":{"line":186,"column":6}},"locations":[{"start":{"line":125,"column":4},"end":{"line":186,"column":6}}]},"12":{"type":"branch","line":126,"loc":{"start":{"line":126,"column":31},"end":{"line":128,"column":7}},"locations":[{"start":{"line":126,"column":31},"end":{"line":128,"column":7}}]},"13":{"type":"branch","line":128,"loc":{"start":{"line":128,"column":6},"end":{"line":133,"column":20}},"locations":[{"start":{"line":128,"column":6},"end":{"line":133,"column":20}}]},"14":{"type":"branch","line":133,"loc":{"start":{"line":133,"column":10},"end":{"line":133,"column":66}},"locations":[{"start":{"line":133,"column":10},"end":{"line":133,"column":66}}]},"15":{"type":"branch","line":133,"loc":{"start":{"line":133,"column":66},"end":{"line":135,"column":7}},"locations":[{"start":{"line":133,"column":66},"end":{"line":135,"column":7}}]},"16":{"type":"branch","line":135,"loc":{"start":{"line":135,"column":6},"end":{"line":153,"column":26}},"locations":[{"start":{"line":135,"column":6},"end":{"line":153,"column":26}}]},"17":{"type":"branch","line":153,"loc":{"start":{"line":153,"column":26},"end":{"line":156,"column":9}},"locations":[{"start":{"line":153,"column":26},"end":{"line":156,"column":9}}]},"18":{"type":"branch","line":156,"loc":{"start":{"line":156,"column":8},"end":{"line":159,"column":48}},"locations":[{"start":{"line":156,"column":8},"end":{"line":159,"column":48}}]},"19":{"type":"branch","line":159,"loc":{"start":{"line":159,"column":33},"end":{"line":159,"column":50}},"locations":[{"start":{"line":159,"column":33},"end":{"line":159,"column":50}}]},"20":{"type":"branch","line":162,"loc":{"start":{"line":162,"column":23},"end":{"line":179,"column":15}},"locations":[{"start":{"line":162,"column":23},"end":{"line":179,"column":15}}]},"21":{"type":"branch","line":179,"loc":{"start":{"line":179,"column":6},"end":{"line":183,"column":8}},"locations":[{"start":{"line":179,"column":6},"end":{"line":183,"column":8}}]},"22":{"type":"branch","line":183,"loc":{"start":{"line":183,"column":6},"end":{"line":185,"column":7}},"locations":[{"start":{"line":183,"column":6},"end":{"line":185,"column":7}}]},"23":{"type":"branch","line":167,"loc":{"start":{"line":167,"column":27},"end":{"line":173,"column":10}},"locations":[{"start":{"line":167,"column":27},"end":{"line":173,"column":10}}]},"24":{"type":"branch","line":192,"loc":{"start":{"line":192,"column":4},"end":{"line":201,"column":7}},"locations":[{"start":{"line":192,"column":4},"end":{"line":201,"column":7}}]},"25":{"type":"branch","line":218,"loc":{"start":{"line":218,"column":7},"end":{"line":224,"column":1}},"locations":[{"start":{"line":218,"column":7},"end":{"line":224,"column":1}}]},"26":{"type":"branch","line":220,"loc":{"start":{"line":220,"column":29},"end":{"line":222,"column":3}},"locations":[{"start":{"line":220,"column":29},"end":{"line":222,"column":3}}]},"27":{"type":"branch","line":222,"loc":{"start":{"line":222,"column":2},"end":{"line":224,"column":1}},"locations":[{"start":{"line":222,"column":2},"end":{"line":224,"column":1}}]}},"b":{"0":[46],"1":[8],"2":[8],"3":[10],"4":[10],"5":[9],"6":[6],"7":[8],"8":[8],"9":[0],"10":[9],"11":[12],"12":[3],"13":[9],"14":[2],"15":[1],"16":[8],"17":[0],"18":[8],"19":[0],"20":[8],"21":[0],"22":[8],"23":[8],"24":[46],"25":[41],"26":[4],"27":[37]},"fnMap":{"0":{"name":"SuggestionProvider","decl":{"start":{"line":58,"column":7},"end":{"line":215,"column":1}},"loc":{"start":{"line":58,"column":7},"end":{"line":215,"column":1}},"line":58},"1":{"name":"useSuggestionContext","decl":{"start":{"line":218,"column":7},"end":{"line":224,"column":1}},"loc":{"start":{"line":218,"column":7},"end":{"line":224,"column":1}},"line":218}},"f":{"0":46,"1":41}}
}
